0 info it worked if it ends with ok
1 verbose cli [ 'node', '/usr/local/bin/npm', 'install', 'partition', '--save' ]
2 info using npm@1.3.24
3 info using node@v0.10.25
4 warn package.json three-city@0.0.0 No description
5 warn package.json three-city@0.0.0 No README data
6 warn package.json fools@0.0.5-a No repository field.
7 verbose readDependencies using package.json deps
8 verbose cache add [ 'partition', null ]
9 verbose cache add name=undefined spec="partition" args=["partition",null]
10 verbose parsed url { protocol: null,
10 verbose parsed url   slashes: null,
10 verbose parsed url   auth: null,
10 verbose parsed url   host: null,
10 verbose parsed url   port: null,
10 verbose parsed url   hostname: null,
10 verbose parsed url   hash: null,
10 verbose parsed url   search: null,
10 verbose parsed url   query: null,
10 verbose parsed url   pathname: 'partition',
10 verbose parsed url   path: 'partition',
10 verbose parsed url   href: 'partition' }
11 silly lockFile 88faac11-partition partition
12 verbose lock partition /Users/dave/.npm/88faac11-partition.lock
13 silly lockFile 88faac11-partition partition
14 silly lockFile 88faac11-partition partition
15 verbose addNamed [ 'partition', '' ]
16 verbose addNamed [ null, '*' ]
17 silly lockFile 95b29c95-partition partition@
18 verbose lock partition@ /Users/dave/.npm/95b29c95-partition.lock
19 silly addNameRange { name: 'partition', range: '*', hasData: false }
20 verbose url raw partition
21 verbose url resolving [ 'https://registry.npmjs.org/', './partition' ]
22 verbose url resolved https://registry.npmjs.org/partition
23 info trying registry request attempt 1 at 19:17:39
24 http GET https://registry.npmjs.org/partition
25 http 404 https://registry.npmjs.org/partition
26 silly registry.get cb [ 404,
26 silly registry.get   { date: 'Sun, 02 Mar 2014 03:17:39 GMT',
26 silly registry.get     server: 'CouchDB/1.5.0 (Erlang OTP/R16B)',
26 silly registry.get     'content-type': 'application/json',
26 silly registry.get     via: '1.1 varnish',
26 silly registry.get     'cache-control': 'max-age=0',
26 silly registry.get     'content-length': '52',
26 silly registry.get     'accept-ranges': 'bytes',
26 silly registry.get     age: '0',
26 silly registry.get     'x-served-by': 'cache-v36-ASH, cache-lax1434-LAX',
26 silly registry.get     'x-cache': 'MISS, MISS',
26 silly registry.get     'x-cache-hits': '0, 0',
26 silly registry.get     'x-timer': 'S1393730259.846554995,VS0,VS-291,VE-207,VE149',
26 silly registry.get     'keep-alive': 'timeout=10, max=50',
26 silly registry.get     connection: 'Keep-Alive' } ]
27 silly lockFile 95b29c95-partition partition@
28 silly lockFile 95b29c95-partition partition@
29 error 404 'partition' is not in the npm registry.
29 error 404 You should bug the author to publish it
29 error 404 It was specified as a dependency of 'three-city'
29 error 404
29 error 404 Note that you can also install from a
29 error 404 tarball, folder, or http url, or git url.
30 error System Darwin 13.0.0
31 error command "node" "/usr/local/bin/npm" "install" "partition" "--save"
32 error cwd /Users/dave/Documents/repos/three-city
33 error node -v v0.10.25
34 error npm -v 1.3.24
35 error code E404
36 verbose exit [ 1, true ]
